<?xml version="1.0" encoding="UTF-8"?>
<!-- Generated by org.testng.reporters.JUnitXMLReporter -->
<testsuite ignored="0" hostname="DESKTOP-OE45J9V" failures="1" tests="1" name="Test" time="0.033" errors="0" timestamp="2021-12-31T10:29:16 IST">
  <testcase classname="MavenBasicPracticeTest.BasicClassMavenTest" name="mavenPractice2Test" time="0.007">
    <failure type="java.lang.NullPointerException" message="Cannot invoke &amp;quot;String.equals(Object)&amp;quot; because &amp;quot;BROWSER&amp;quot; is null">
      <![CDATA[java.lang.NullPointerException: Cannot invoke "String.equals(Object)" because "BROWSER" is null
at MavenBasicPracticeTest.BasicClassMavenTest.mavenPractice2Test(BasicClassMavenTest.java:27)
at java.base/java.util.ArrayList.forEach(ArrayList.java:1511)
... Removed 27 stack frames]]>
    </failure>
  </testcase> <!-- mavenPractice2Test -->
</testsuite> <!-- Test -->
