<?xml version="1.0" encoding="UTF-8"?>
<testng-results ignored="1" total="2" passed="1" failed="0" skipped="0">
  <reporter-output>
  </reporter-output>
  <suite started-at="2021-12-31T15:25:28 IST" name="Default suite" finished-at="2021-12-31T15:25:28 IST" duration-ms="40">
    <groups>
      <group name="smoketest">
        <method signature="BasicClassMavenTest.mavenPractice2Test()[pri:0, instance:MavenBasicPracticeTest.BasicClassMavenTest@62e7f11d]" name="mavenPractice2Test" class="MavenBasicPracticeTest.BasicClassMavenTest"/>
      </group> <!-- smoketest -->
    </groups>
    <test started-at="2021-12-31T15:25:28 IST" name="Default test" finished-at="2021-12-31T15:25:28 IST" duration-ms="40">
      <class name="MavenBasicPracticeTest.BasicClassMavenTest">
        <test-method signature="mavenPractice2Test()[pri:0, instance:MavenBasicPracticeTest.BasicClassMavenTest@62e7f11d]" started-at="2021-12-31T15:25:28 IST" name="mavenPractice2Test" finished-at="2021-12-31T15:25:28 IST" duration-ms="7" status="PASS">
          <reporter-output>
          </reporter-output>
        </test-method> <!-- mavenPractice2Test -->
      </class> <!-- MavenBasicPracticeTest.BasicClassMavenTest -->
    </test> <!-- Default test -->
  </suite> <!-- Default suite -->
</testng-results>
