<?xml version="1.0" encoding="UTF-8"?>
<!-- Generated by org.testng.reporters.JUnitXMLReporter -->
<testsuite ignored="1" hostname="DESKTOP-OE45J9V" failures="0" tests="1" name="Default test" time="0.04" errors="0" timestamp="2021-12-31T15:25:28 IST">
  <testcase classname="MavenBasicPracticeTest.BasicClassMavenTest" name="mavenPractice2Test" time="0.007"/>
  <testcase classname="MavenBasicPracticeTest.BasicClassMavenTest" name="mavenPracticeTest" time="0.0">
    <ignored/>
  </testcase> <!-- mavenPracticeTest -->
</testsuite> <!-- Default test -->
